<?xml version="1.0" encoding="UTF-8"?>
<!-- Generated by org.testng.reporters.JUnitReportReporter -->
<testsuite hostname="DESKTOP-0KUUI79" failures="0" tests="2" name="com.dataprovider.TestDDT" time="23.283" errors="0" timestamp="2024-02-11T19:34:53 IST" skipped="0">
  <testcase classname="com.dataprovider.TestDDT" name="login" time="11.263"/>
  <system-out/>
  <testcase classname="com.dataprovider.TestDDT" name="login" time="12.020"/>
  <system-out/>
</testsuite> <!-- com.dataprovider.TestDDT -->
