<?xml version="1.0" encoding="UTF-8"?>
<!-- Generated by org.testng.reporters.JUnitReportReporter -->
<testsuite hostname="DESKTOP-0KUUI79" failures="0" tests="1" name="com.multiwindowshandle.NaukriMultiWindow" time="4.197" errors="0" timestamp="2024-02-11T12:34:33 IST" skipped="0">
  <testcase classname="com.multiwindowshandle.NaukriMultiWindow" name="testMultiWindow" time="4.197"/>
  <system-out/>
</testsuite> <!-- com.multiwindowshandle.NaukriMultiWindow -->
