<?xml version="1.0" encoding="UTF-8"?>
<!-- Generated by org.testng.reporters.JUnitReportReporter -->
<testsuite hostname="DESKTOP-0KUUI79" failures="0" tests="3" name="com.testng.CrossBrowserTesting" time="35.232" errors="0" timestamp="2024-02-06T07:43:27 IST" skipped="0">
  <testcase classname="com.testng.CrossBrowserTesting" name="login" time="13.143"/>
  <system-out/>
  <testcase classname="com.testng.CrossBrowserTesting" name="login" time="11.962"/>
  <system-out/>
  <testcase classname="com.testng.CrossBrowserTesting" name="login" time="10.127"/>
  <system-out/>
</testsuite> <!-- com.testng.CrossBrowserTesting -->
