<?xml version="1.0" encoding="UTF-8"?>
<!-- Generated by org.testng.reporters.JUnitReportReporter -->
<testsuite hostname="DESKTOP-0KUUI79" failures="0" tests="1" name="com.testng.TestNg" time="11.022" errors="0" timestamp="2024-02-05T07:18:26 IST" skipped="0">
  <testcase classname="com.testng.TestNg" name="login" time="11.022"/>
  <system-out/>
</testsuite> <!-- com.testng.TestNg -->
