<?xml version="1.0" encoding="UTF-8"?>
<!-- Generated by org.testng.reporters.JUnitReportReporter -->
<testsuite hostname="DESKTOP-0KUUI79" failures="0" tests="1" name="com.testng.TestNGAnnotations" time="9.696" errors="0" timestamp="2024-02-05T07:30:59 IST" skipped="0">
  <testcase classname="com.testng.TestNGAnnotations" name="login" time="9.696"/>
  <system-out/>
</testsuite> <!-- com.testng.TestNGAnnotations -->
