<?xml version="1.0" encoding="UTF-8"?>
<!-- Generated by org.testng.reporters.JUnitReportReporter -->
<testsuite hostname="DESKTOP-0KUUI79" failures="0" tests="3" name="com.dataprovider.DataProviderExample" time="0.013" errors="0" timestamp="2024-02-11T19:10:54 IST" skipped="0">
  <testcase classname="com.dataprovider.DataProviderExample" name="setData" time="0.010"/>
  <system-out/>
  <testcase classname="com.dataprovider.DataProviderExample" name="setData" time="0.002"/>
  <system-out/>
  <testcase classname="com.dataprovider.DataProviderExample" name="setData" time="0.001"/>
  <system-out/>
</testsuite> <!-- com.dataprovider.DataProviderExample -->
